[INFO] Scanning for projects...
[INFO] 
[INFO] ----------------------< com.eventapp:webservices >----------------------
[INFO] Building WebServices Maven Webapp 1.0-SNAPSHOT
[INFO]   from pom.xml
[INFO] --------------------------------[ war ]---------------------------------
[INFO] 
[INFO] >>> jetty:9.4.44.v20210927:run (default-cli) > test-compile @ webservices >>>
[INFO] 
[INFO] --- resources:3.3.1:resources (default-resources) @ webservices ---
[INFO] skip non existing resourceDirectory G:\Volume G data\SOCT Docker\webservices\src\main\resources
[INFO] 
[INFO] --- compiler:3.8.1:compile (default-compile) @ webservices ---
[INFO] Nothing to compile - all classes are up to date
[INFO] 
[INFO] --- resources:3.3.1:testResources (default-testResources) @ webservices ---
[INFO] skip non existing resourceDirectory G:\Volume G data\SOCT Docker\webservices\src\test\resources
[INFO] 
[INFO] --- compiler:3.8.1:testCompile (default-testCompile) @ webservices ---
[INFO] No sources to compile
[INFO] 
[INFO] <<< jetty:9.4.44.v20210927:run (default-cli) < test-compile @ webservices <<<
[INFO] 
[INFO] 
[INFO] --- jetty:9.4.44.v20210927:run (default-cli) @ webservices ---
[INFO] Logging initialized @35540ms to org.eclipse.jetty.util.log.Slf4jLog
[INFO] webAppSourceDirectory not set. Trying src\main\webapp
[INFO] webAppSourceDirectory G:\Volume G data\SOCT Docker\webservices\src\main\webapp does not exist. Trying G:\Volume G data\SOCT Docker\webservices\target\webapp-tmp
[INFO] Reload Mechanic: automatic
[INFO] nonBlocking:false
[INFO] Classes = G:\Volume G data\SOCT Docker\webservices\target\classes
[INFO] Configuring Jetty for project: WebServices Maven Webapp
[INFO] Context path = /
[INFO] Tmp directory = G:\Volume G data\SOCT Docker\webservices\target\tmp
[INFO] Web defaults = org/eclipse/jetty/webapp/webdefault.xml
[INFO] Web overrides =  none
[INFO] web.xml file = null
[INFO] Webapp directory = G:\Volume G data\SOCT Docker\webservices\target\webapp-tmp
[INFO] jetty-9.4.44.v20210927; built: 2021-09-27T23:02:44.612Z; git: 8da83308eeca865e495e53ef315a249d63ba9332; jvm 18.0.2.1+1-1
[WARNING] javax.annotation.Generated scanned from multiple locations: jar:file:///C:/Users/johal/.m2/repository/javax/annotation/javax.annotation-api/1.3.2/javax.annotation-api-1.3.2.jar!/javax/annotation/Generated.class, jar:file:///C:/Users/johal/.m2/repository/jakarta/annotation/jakarta.annotation-api/1.3.5/jakarta.annotation-api-1.3.5.jar!/javax/annotation/Generated.class
[WARNING] javax.annotation.ManagedBean scanned from multiple locations: jar:file:///C:/Users/johal/.m2/repository/javax/annotation/javax.annotation-api/1.3.2/javax.annotation-api-1.3.2.jar!/javax/annotation/ManagedBean.class, jar:file:///C:/Users/johal/.m2/repository/jakarta/annotation/jakarta.annotation-api/1.3.5/jakarta.annotation-api-1.3.5.jar!/javax/annotation/ManagedBean.class
[WARNING] javax.annotation.PostConstruct scanned from multiple locations: jar:file:///C:/Users/johal/.m2/repository/javax/annotation/javax.annotation-api/1.3.2/javax.annotation-api-1.3.2.jar!/javax/annotation/PostConstruct.class, jar:file:///C:/Users/johal/.m2/repository/jakarta/annotation/jakarta.annotation-api/1.3.5/jakarta.annotation-api-1.3.5.jar!/javax/annotation/PostConstruct.class
[WARNING] javax.annotation.PreDestroy scanned from multiple locations: jar:file:///C:/Users/johal/.m2/repository/javax/annotation/javax.annotation-api/1.3.2/javax.annotation-api-1.3.2.jar!/javax/annotation/PreDestroy.class, jar:file:///C:/Users/johal/.m2/repository/jakarta/annotation/jakarta.annotation-api/1.3.5/jakarta.annotation-api-1.3.5.jar!/javax/annotation/PreDestroy.class
[WARNING] javax.annotation.Priority scanned from multiple locations: jar:file:///C:/Users/johal/.m2/repository/javax/annotation/javax.annotation-api/1.3.2/javax.annotation-api-1.3.2.jar!/javax/annotation/Priority.class, jar:file:///C:/Users/johal/.m2/repository/jakarta/annotation/jakarta.annotation-api/1.3.5/jakarta.annotation-api-1.3.5.jar!/javax/annotation/Priority.class
[WARNING] javax.annotation.Resource$AuthenticationType scanned from multiple locations: jar:file:///C:/Users/johal/.m2/repository/javax/annotation/javax.annotation-api/1.3.2/javax.annotation-api-1.3.2.jar!/javax/annotation/Resource$AuthenticationType.class, jar:file:///C:/Users/johal/.m2/repository/jakarta/annotation/jakarta.annotation-api/1.3.5/jakarta.annotation-api-1.3.5.jar!/javax/annotation/Resource$AuthenticationType.class
[WARNING] javax.annotation.Resource scanned from multiple locations: jar:file:///C:/Users/johal/.m2/repository/javax/annotation/javax.annotation-api/1.3.2/javax.annotation-api-1.3.2.jar!/javax/annotation/Resource.class, jar:file:///C:/Users/johal/.m2/repository/jakarta/annotation/jakarta.annotation-api/1.3.5/jakarta.annotation-api-1.3.5.jar!/javax/annotation/Resource.class
[WARNING] javax.annotation.Resources scanned from multiple locations: jar:file:///C:/Users/johal/.m2/repository/javax/annotation/javax.annotation-api/1.3.2/javax.annotation-api-1.3.2.jar!/javax/annotation/Resources.class, jar:file:///C:/Users/johal/.m2/repository/jakarta/annotation/jakarta.annotation-api/1.3.5/jakarta.annotation-api-1.3.5.jar!/javax/annotation/Resources.class
[WARNING] javax.annotation.security.DeclareRoles scanned from multiple locations: jar:file:///C:/Users/johal/.m2/repository/javax/annotation/javax.annotation-api/1.3.2/javax.annotation-api-1.3.2.jar!/javax/annotation/security/DeclareRoles.class, jar:file:///C:/Users/johal/.m2/repository/jakarta/annotation/jakarta.annotation-api/1.3.5/jakarta.annotation-api-1.3.5.jar!/javax/annotation/security/DeclareRoles.class
[WARNING] javax.annotation.security.DenyAll scanned from multiple locations: jar:file:///C:/Users/johal/.m2/repository/javax/annotation/javax.annotation-api/1.3.2/javax.annotation-api-1.3.2.jar!/javax/annotation/security/DenyAll.class, jar:file:///C:/Users/johal/.m2/repository/jakarta/annotation/jakarta.annotation-api/1.3.5/jakarta.annotation-api-1.3.5.jar!/javax/annotation/security/DenyAll.class
[WARNING] javax.annotation.security.PermitAll scanned from multiple locations: jar:file:///C:/Users/johal/.m2/repository/javax/annotation/javax.annotation-api/1.3.2/javax.annotation-api-1.3.2.jar!/javax/annotation/security/PermitAll.class, jar:file:///C:/Users/johal/.m2/repository/jakarta/annotation/jakarta.annotation-api/1.3.5/jakarta.annotation-api-1.3.5.jar!/javax/annotation/security/PermitAll.class
[WARNING] javax.annotation.security.RolesAllowed scanned from multiple locations: jar:file:///C:/Users/johal/.m2/repository/javax/annotation/javax.annotation-api/1.3.2/javax.annotation-api-1.3.2.jar!/javax/annotation/security/RolesAllowed.class, jar:file:///C:/Users/johal/.m2/repository/jakarta/annotation/jakarta.annotation-api/1.3.5/jakarta.annotation-api-1.3.5.jar!/javax/annotation/security/RolesAllowed.class
[WARNING] javax.annotation.security.RunAs scanned from multiple locations: jar:file:///C:/Users/johal/.m2/repository/javax/annotation/javax.annotation-api/1.3.2/javax.annotation-api-1.3.2.jar!/javax/annotation/security/RunAs.class, jar:file:///C:/Users/johal/.m2/repository/jakarta/annotation/jakarta.annotation-api/1.3.5/jakarta.annotation-api-1.3.5.jar!/javax/annotation/security/RunAs.class
[WARNING] javax.annotation.sql.DataSourceDefinition scanned from multiple locations: jar:file:///C:/Users/johal/.m2/repository/javax/annotation/javax.annotation-api/1.3.2/javax.annotation-api-1.3.2.jar!/javax/annotation/sql/DataSourceDefinition.class, jar:file:///C:/Users/johal/.m2/repository/jakarta/annotation/jakarta.annotation-api/1.3.5/jakarta.annotation-api-1.3.5.jar!/javax/annotation/sql/DataSourceDefinition.class
[WARNING] javax.annotation.sql.DataSourceDefinitions scanned from multiple locations: jar:file:///C:/Users/johal/.m2/repository/javax/annotation/javax.annotation-api/1.3.2/javax.annotation-api-1.3.2.jar!/javax/annotation/sql/DataSourceDefinitions.class, jar:file:///C:/Users/johal/.m2/repository/jakarta/annotation/jakarta.annotation-api/1.3.5/jakarta.annotation-api-1.3.5.jar!/javax/annotation/sql/DataSourceDefinitions.class
[WARNING] javax.ws.rs.ApplicationPath scanned from multiple locations: jar:file:///C:/Users/johal/.m2/repository/javax/ws/rs/javax.ws.rs-api/2.1.1/javax.ws.rs-api-2.1.1.jar!/javax/ws/rs/ApplicationPath.class, jar:file:///C:/Users/johal/.m2/repository/jakarta/ws/rs/jakarta.ws.rs-api/2.1.6/jakarta.ws.rs-api-2.1.6.jar!/javax/ws/rs/ApplicationPath.class
[WARNING] javax.ws.rs.BadRequestException scanned from multiple locations: jar:file:///C:/Users/johal/.m2/repository/javax/ws/rs/javax.ws.rs-api/2.1.1/javax.ws.rs-api-2.1.1.jar!/javax/ws/rs/BadRequestException.class, jar:file:///C:/Users/johal/.m2/repository/jakarta/ws/rs/jakarta.ws.rs-api/2.1.6/jakarta.ws.rs-api-2.1.6.jar!/javax/ws/rs/BadRequestException.class
[WARNING] javax.ws.rs.BeanParam scanned from multiple locations: jar:file:///C:/Users/johal/.m2/repository/javax/ws/rs/javax.ws.rs-api/2.1.1/javax.ws.rs-api-2.1.1.jar!/javax/ws/rs/BeanParam.class, jar:file:///C:/Users/johal/.m2/repository/jakarta/ws/rs/jakarta.ws.rs-api/2.1.6/jakarta.ws.rs-api-2.1.6.jar!/javax/ws/rs/BeanParam.class
[WARNING] javax.ws.rs.ClientErrorException scanned from multiple locations: jar:file:///C:/Users/johal/.m2/repository/javax/ws/rs/javax.ws.rs-api/2.1.1/javax.ws.rs-api-2.1.1.jar!/javax/ws/rs/ClientErrorException.class, jar:file:///C:/Users/johal/.m2/repository/jakarta/ws/rs/jakarta.ws.rs-api/2.1.6/jakarta.ws.rs-api-2.1.6.jar!/javax/ws/rs/ClientErrorException.class
[WARNING] javax.ws.rs.ConstrainedTo scanned from multiple locations: jar:file:///C:/Users/johal/.m2/repository/javax/ws/rs/javax.ws.rs-api/2.1.1/javax.ws.rs-api-2.1.1.jar!/javax/ws/rs/ConstrainedTo.class, jar:file:///C:/Users/johal/.m2/repository/jakarta/ws/rs/jakarta.ws.rs-api/2.1.6/jakarta.ws.rs-api-2.1.6.jar!/javax/ws/rs/ConstrainedTo.class
[WARNING] javax.ws.rs.Consumes scanned from multiple locations: jar:file:///C:/Users/johal/.m2/repository/javax/ws/rs/javax.ws.rs-api/2.1.1/javax.ws.rs-api-2.1.1.jar!/javax/ws/rs/Consumes.class, jar:file:///C:/Users/johal/.m2/repository/jakarta/ws/rs/jakarta.ws.rs-api/2.1.6/jakarta.ws.rs-api-2.1.6.jar!/javax/ws/rs/Consumes.class
[WARNING] javax.ws.rs.CookieParam scanned from multiple locations: jar:file:///C:/Users/johal/.m2/repository/javax/ws/rs/javax.ws.rs-api/2.1.1/javax.ws.rs-api-2.1.1.jar!/javax/ws/rs/CookieParam.class, jar:file:///C:/Users/johal/.m2/repository/jakarta/ws/rs/jakarta.ws.rs-api/2.1.6/jakarta.ws.rs-api-2.1.6.jar!/javax/ws/rs/CookieParam.class
[WARNING] javax.ws.rs.DELETE scanned from multiple locations: jar:file:///C:/Users/johal/.m2/repository/javax/ws/rs/javax.ws.rs-api/2.1.1/javax.ws.rs-api-2.1.1.jar!/javax/ws/rs/DELETE.class, jar:file:///C:/Users/johal/.m2/repository/jakarta/ws/rs/jakarta.ws.rs-api/2.1.6/jakarta.ws.rs-api-2.1.6.jar!/javax/ws/rs/DELETE.class
[WARNING] javax.ws.rs.DefaultValue scanned from multiple locations: jar:file:///C:/Users/johal/.m2/repository/javax/ws/rs/javax.ws.rs-api/2.1.1/javax.ws.rs-api-2.1.1.jar!/javax/ws/rs/DefaultValue.class, jar:file:///C:/Users/johal/.m2/repository/jakarta/ws/rs/jakarta.ws.rs-api/2.1.6/jakarta.ws.rs-api-2.1.6.jar!/javax/ws/rs/DefaultValue.class
[WARNING] javax.ws.rs.Encoded scanned from multiple locations: jar:file:///C:/Users/johal/.m2/repository/javax/ws/rs/javax.ws.rs-api/2.1.1/javax.ws.rs-api-2.1.1.jar!/javax/ws/rs/Encoded.class, jar:file:///C:/Users/johal/.m2/repository/jakarta/ws/rs/jakarta.ws.rs-api/2.1.6/jakarta.ws.rs-api-2.1.6.jar!/javax/ws/rs/Encoded.class
[WARNING] javax.ws.rs.ForbiddenException scanned from multiple locations: jar:file:///C:/Users/johal/.m2/repository/javax/ws/rs/javax.ws.rs-api/2.1.1/javax.ws.rs-api-2.1.1.jar!/javax/ws/rs/ForbiddenException.class, jar:file:///C:/Users/johal/.m2/repository/jakarta/ws/rs/jakarta.ws.rs-api/2.1.6/jakarta.ws.rs-api-2.1.6.jar!/javax/ws/rs/ForbiddenException.class
[WARNING] javax.ws.rs.FormParam scanned from multiple locations: jar:file:///C:/Users/johal/.m2/repository/javax/ws/rs/javax.ws.rs-api/2.1.1/javax.ws.rs-api-2.1.1.jar!/javax/ws/rs/FormParam.class, jar:file:///C:/Users/johal/.m2/repository/jakarta/ws/rs/jakarta.ws.rs-api/2.1.6/jakarta.ws.rs-api-2.1.6.jar!/javax/ws/rs/FormParam.class
[WARNING] javax.ws.rs.GET scanned from multiple locations: jar:file:///C:/Users/johal/.m2/repository/javax/ws/rs/javax.ws.rs-api/2.1.1/javax.ws.rs-api-2.1.1.jar!/javax/ws/rs/GET.class, jar:file:///C:/Users/johal/.m2/repository/jakarta/ws/rs/jakarta.ws.rs-api/2.1.6/jakarta.ws.rs-api-2.1.6.jar!/javax/ws/rs/GET.class
[WARNING] javax.ws.rs.HEAD scanned from multiple locations: jar:file:///C:/Users/johal/.m2/repository/javax/ws/rs/javax.ws.rs-api/2.1.1/javax.ws.rs-api-2.1.1.jar!/javax/ws/rs/HEAD.class, jar:file:///C:/Users/johal/.m2/repository/jakarta/ws/rs/jakarta.ws.rs-api/2.1.6/jakarta.ws.rs-api-2.1.6.jar!/javax/ws/rs/HEAD.class
[WARNING] javax.ws.rs.HeaderParam scanned from multiple locations: jar:file:///C:/Users/johal/.m2/repository/javax/ws/rs/javax.ws.rs-api/2.1.1/javax.ws.rs-api-2.1.1.jar!/javax/ws/rs/HeaderParam.class, jar:file:///C:/Users/johal/.m2/repository/jakarta/ws/rs/jakarta.ws.rs-api/2.1.6/jakarta.ws.rs-api-2.1.6.jar!/javax/ws/rs/HeaderParam.class
[WARNING] javax.ws.rs.HttpMethod scanned from multiple locations: jar:file:///C:/Users/johal/.m2/repository/javax/ws/rs/javax.ws.rs-api/2.1.1/javax.ws.rs-api-2.1.1.jar!/javax/ws/rs/HttpMethod.class, jar:file:///C:/Users/johal/.m2/repository/jakarta/ws/rs/jakarta.ws.rs-api/2.1.6/jakarta.ws.rs-api-2.1.6.jar!/javax/ws/rs/HttpMethod.class
[WARNING] javax.ws.rs.InternalServerErrorException scanned from multiple locations: jar:file:///C:/Users/johal/.m2/repository/javax/ws/rs/javax.ws.rs-api/2.1.1/javax.ws.rs-api-2.1.1.jar!/javax/ws/rs/InternalServerErrorException.class, jar:file:///C:/Users/johal/.m2/repository/jakarta/ws/rs/jakarta.ws.rs-api/2.1.6/jakarta.ws.rs-api-2.1.6.jar!/javax/ws/rs/InternalServerErrorException.class
[WARNING] javax.ws.rs.MatrixParam scanned from multiple locations: jar:file:///C:/Users/johal/.m2/repository/javax/ws/rs/javax.ws.rs-api/2.1.1/javax.ws.rs-api-2.1.1.jar!/javax/ws/rs/MatrixParam.class, jar:file:///C:/Users/johal/.m2/repository/jakarta/ws/rs/jakarta.ws.rs-api/2.1.6/jakarta.ws.rs-api-2.1.6.jar!/javax/ws/rs/MatrixParam.class
[WARNING] javax.ws.rs.NameBinding scanned from multiple locations: jar:file:///C:/Users/johal/.m2/repository/javax/ws/rs/javax.ws.rs-api/2.1.1/javax.ws.rs-api-2.1.1.jar!/javax/ws/rs/NameBinding.class, jar:file:///C:/Users/johal/.m2/repository/jakarta/ws/rs/jakarta.ws.rs-api/2.1.6/jakarta.ws.rs-api-2.1.6.jar!/javax/ws/rs/NameBinding.class
[WARNING] javax.ws.rs.NotAcceptableException scanned from multiple locations: jar:file:///C:/Users/johal/.m2/repository/javax/ws/rs/javax.ws.rs-api/2.1.1/javax.ws.rs-api-2.1.1.jar!/javax/ws/rs/NotAcceptableException.class, jar:file:///C:/Users/johal/.m2/repository/jakarta/ws/rs/jakarta.ws.rs-api/2.1.6/jakarta.ws.rs-api-2.1.6.jar!/javax/ws/rs/NotAcceptableException.class
[WARNING] javax.ws.rs.NotAllowedException scanned from multiple locations: jar:file:///C:/Users/johal/.m2/repository/javax/ws/rs/javax.ws.rs-api/2.1.1/javax.ws.rs-api-2.1.1.jar!/javax/ws/rs/NotAllowedException.class, jar:file:///C:/Users/johal/.m2/repository/jakarta/ws/rs/jakarta.ws.rs-api/2.1.6/jakarta.ws.rs-api-2.1.6.jar!/javax/ws/rs/NotAllowedException.class
[WARNING] javax.ws.rs.NotAuthorizedException scanned from multiple locations: jar:file:///C:/Users/johal/.m2/repository/javax/ws/rs/javax.ws.rs-api/2.1.1/javax.ws.rs-api-2.1.1.jar!/javax/ws/rs/NotAuthorizedException.class, jar:file:///C:/Users/johal/.m2/repository/jakarta/ws/rs/jakarta.ws.rs-api/2.1.6/jakarta.ws.rs-api-2.1.6.jar!/javax/ws/rs/NotAuthorizedException.class
[WARNING] javax.ws.rs.NotFoundException scanned from multiple locations: jar:file:///C:/Users/johal/.m2/repository/javax/ws/rs/javax.ws.rs-api/2.1.1/javax.ws.rs-api-2.1.1.jar!/javax/ws/rs/NotFoundException.class, jar:file:///C:/Users/johal/.m2/repository/jakarta/ws/rs/jakarta.ws.rs-api/2.1.6/jakarta.ws.rs-api-2.1.6.jar!/javax/ws/rs/NotFoundException.class
[WARNING] javax.ws.rs.NotSupportedException scanned from multiple locations: jar:file:///C:/Users/johal/.m2/repository/javax/ws/rs/javax.ws.rs-api/2.1.1/javax.ws.rs-api-2.1.1.jar!/javax/ws/rs/NotSupportedException.class, jar:file:///C:/Users/johal/.m2/repository/jakarta/ws/rs/jakarta.ws.rs-api/2.1.6/jakarta.ws.rs-api-2.1.6.jar!/javax/ws/rs/NotSupportedException.class
[WARNING] javax.ws.rs.OPTIONS scanned from multiple locations: jar:file:///C:/Users/johal/.m2/repository/javax/ws/rs/javax.ws.rs-api/2.1.1/javax.ws.rs-api-2.1.1.jar!/javax/ws/rs/OPTIONS.class, jar:file:///C:/Users/johal/.m2/repository/jakarta/ws/rs/jakarta.ws.rs-api/2.1.6/jakarta.ws.rs-api-2.1.6.jar!/javax/ws/rs/OPTIONS.class
[WARNING] javax.ws.rs.PATCH scanned from multiple locations: jar:file:///C:/Users/johal/.m2/repository/javax/ws/rs/javax.ws.rs-api/2.1.1/javax.ws.rs-api-2.1.1.jar!/javax/ws/rs/PATCH.class, jar:file:///C:/Users/johal/.m2/repository/jakarta/ws/rs/jakarta.ws.rs-api/2.1.6/jakarta.ws.rs-api-2.1.6.jar!/javax/ws/rs/PATCH.class
[WARNING] javax.ws.rs.POST scanned from multiple locations: jar:file:///C:/Users/johal/.m2/repository/javax/ws/rs/javax.ws.rs-api/2.1.1/javax.ws.rs-api-2.1.1.jar!/javax/ws/rs/POST.class, jar:file:///C:/Users/johal/.m2/repository/jakarta/ws/rs/jakarta.ws.rs-api/2.1.6/jakarta.ws.rs-api-2.1.6.jar!/javax/ws/rs/POST.class
[WARNING] javax.ws.rs.PUT scanned from multiple locations: jar:file:///C:/Users/johal/.m2/repository/javax/ws/rs/javax.ws.rs-api/2.1.1/javax.ws.rs-api-2.1.1.jar!/javax/ws/rs/PUT.class, jar:file:///C:/Users/johal/.m2/repository/jakarta/ws/rs/jakarta.ws.rs-api/2.1.6/jakarta.ws.rs-api-2.1.6.jar!/javax/ws/rs/PUT.class
[WARNING] javax.ws.rs.Path scanned from multiple locations: jar:file:///C:/Users/johal/.m2/repository/javax/ws/rs/javax.ws.rs-api/2.1.1/javax.ws.rs-api-2.1.1.jar!/javax/ws/rs/Path.class, jar:file:///C:/Users/johal/.m2/repository/jakarta/ws/rs/jakarta.ws.rs-api/2.1.6/jakarta.ws.rs-api-2.1.6.jar!/javax/ws/rs/Path.class
[WARNING] javax.ws.rs.PathParam scanned from multiple locations: jar:file:///C:/Users/johal/.m2/repository/javax/ws/rs/javax.ws.rs-api/2.1.1/javax.ws.rs-api-2.1.1.jar!/javax/ws/rs/PathParam.class, jar:file:///C:/Users/johal/.m2/repository/jakarta/ws/rs/jakarta.ws.rs-api/2.1.6/jakarta.ws.rs-api-2.1.6.jar!/javax/ws/rs/PathParam.class
[WARNING] javax.ws.rs.Priorities scanned from multiple locations: jar:file:///C:/Users/johal/.m2/repository/javax/ws/rs/javax.ws.rs-api/2.1.1/javax.ws.rs-api-2.1.1.jar!/javax/ws/rs/Priorities.class, jar:file:///C:/Users/johal/.m2/repository/jakarta/ws/rs/jakarta.ws.rs-api/2.1.6/jakarta.ws.rs-api-2.1.6.jar!/javax/ws/rs/Priorities.class
[WARNING] javax.ws.rs.ProcessingException scanned from multiple locations: jar:file:///C:/Users/johal/.m2/repository/javax/ws/rs/javax.ws.rs-api/2.1.1/javax.ws.rs-api-2.1.1.jar!/javax/ws/rs/ProcessingException.class, jar:file:///C:/Users/johal/.m2/repository/jakarta/ws/rs/jakarta.ws.rs-api/2.1.6/jakarta.ws.rs-api-2.1.6.jar!/javax/ws/rs/ProcessingException.class
[WARNING] javax.ws.rs.Produces scanned from multiple locations: jar:file:///C:/Users/johal/.m2/repository/javax/ws/rs/javax.ws.rs-api/2.1.1/javax.ws.rs-api-2.1.1.jar!/javax/ws/rs/Produces.class, jar:file:///C:/Users/johal/.m2/repository/jakarta/ws/rs/jakarta.ws.rs-api/2.1.6/jakarta.ws.rs-api-2.1.6.jar!/javax/ws/rs/Produces.class
[WARNING] javax.ws.rs.QueryParam scanned from multiple locations: jar:file:///C:/Users/johal/.m2/repository/javax/ws/rs/javax.ws.rs-api/2.1.1/javax.ws.rs-api-2.1.1.jar!/javax/ws/rs/QueryParam.class, jar:file:///C:/Users/johal/.m2/repository/jakarta/ws/rs/jakarta.ws.rs-api/2.1.6/jakarta.ws.rs-api-2.1.6.jar!/javax/ws/rs/QueryParam.class
[WARNING] javax.ws.rs.RedirectionException scanned from multiple locations: jar:file:///C:/Users/johal/.m2/repository/javax/ws/rs/javax.ws.rs-api/2.1.1/javax.ws.rs-api-2.1.1.jar!/javax/ws/rs/RedirectionException.class, jar:file:///C:/Users/johal/.m2/repository/jakarta/ws/rs/jakarta.ws.rs-api/2.1.6/jakarta.ws.rs-api-2.1.6.jar!/javax/ws/rs/RedirectionException.class
[WARNING] javax.ws.rs.RuntimeType scanned from multiple locations: jar:file:///C:/Users/johal/.m2/repository/javax/ws/rs/javax.ws.rs-api/2.1.1/javax.ws.rs-api-2.1.1.jar!/javax/ws/rs/RuntimeType.class, jar:file:///C:/Users/johal/.m2/repository/jakarta/ws/rs/jakarta.ws.rs-api/2.1.6/jakarta.ws.rs-api-2.1.6.jar!/javax/ws/rs/RuntimeType.class
[WARNING] javax.ws.rs.ServerErrorException scanned from multiple locations: jar:file:///C:/Users/johal/.m2/repository/javax/ws/rs/javax.ws.rs-api/2.1.1/javax.ws.rs-api-2.1.1.jar!/javax/ws/rs/ServerErrorException.class, jar:file:///C:/Users/johal/.m2/repository/jakarta/ws/rs/jakarta.ws.rs-api/2.1.6/jakarta.ws.rs-api-2.1.6.jar!/javax/ws/rs/ServerErrorException.class
[WARNING] javax.ws.rs.ServiceUnavailableException scanned from multiple locations: jar:file:///C:/Users/johal/.m2/repository/javax/ws/rs/javax.ws.rs-api/2.1.1/javax.ws.rs-api-2.1.1.jar!/javax/ws/rs/ServiceUnavailableException.class, jar:file:///C:/Users/johal/.m2/repository/jakarta/ws/rs/jakarta.ws.rs-api/2.1.6/jakarta.ws.rs-api-2.1.6.jar!/javax/ws/rs/ServiceUnavailableException.class
[WARNING] javax.ws.rs.WebApplicationException scanned from multiple locations: jar:file:///C:/Users/johal/.m2/repository/javax/ws/rs/javax.ws.rs-api/2.1.1/javax.ws.rs-api-2.1.1.jar!/javax/ws/rs/WebApplicationException.class, jar:file:///C:/Users/johal/.m2/repository/jakarta/ws/rs/jakarta.ws.rs-api/2.1.6/jakarta.ws.rs-api-2.1.6.jar!/javax/ws/rs/WebApplicationException.class
[WARNING] javax.ws.rs.client.AsyncInvoker scanned from multiple locations: jar:file:///C:/Users/johal/.m2/repository/javax/ws/rs/javax.ws.rs-api/2.1.1/javax.ws.rs-api-2.1.1.jar!/javax/ws/rs/client/AsyncInvoker.class, jar:file:///C:/Users/johal/.m2/repository/jakarta/ws/rs/jakarta.ws.rs-api/2.1.6/jakarta.ws.rs-api-2.1.6.jar!/javax/ws/rs/client/AsyncInvoker.class
[WARNING] javax.ws.rs.client.Client scanned from multiple locations: jar:file:///C:/Users/johal/.m2/repository/javax/ws/rs/javax.ws.rs-api/2.1.1/javax.ws.rs-api-2.1.1.jar!/javax/ws/rs/client/Client.class, jar:file:///C:/Users/johal/.m2/repository/jakarta/ws/rs/jakarta.ws.rs-api/2.1.6/jakarta.ws.rs-api-2.1.6.jar!/javax/ws/rs/client/Client.class
[WARNING] javax.ws.rs.client.ClientBuilder scanned from multiple locations: jar:file:///C:/Users/johal/.m2/repository/javax/ws/rs/javax.ws.rs-api/2.1.1/javax.ws.rs-api-2.1.1.jar!/javax/ws/rs/client/ClientBuilder.class, jar:file:///C:/Users/johal/.m2/repository/jakarta/ws/rs/jakarta.ws.rs-api/2.1.6/jakarta.ws.rs-api-2.1.6.jar!/javax/ws/rs/client/ClientBuilder.class
[WARNING] javax.ws.rs.client.ClientRequestContext scanned from multiple locations: jar:file:///C:/Users/johal/.m2/repository/javax/ws/rs/javax.ws.rs-api/2.1.1/javax.ws.rs-api-2.1.1.jar!/javax/ws/rs/client/ClientRequestContext.class, jar:file:///C:/Users/johal/.m2/repository/jakarta/ws/rs/jakarta.ws.rs-api/2.1.6/jakarta.ws.rs-api-2.1.6.jar!/javax/ws/rs/client/ClientRequestContext.class
[WARNING] javax.ws.rs.client.ClientRequestFilter scanned from multiple locations: jar:file:///C:/Users/johal/.m2/repository/javax/ws/rs/javax.ws.rs-api/2.1.1/javax.ws.rs-api-2.1.1.jar!/javax/ws/rs/client/ClientRequestFilter.class, jar:file:///C:/Users/johal/.m2/repository/jakarta/ws/rs/jakarta.ws.rs-api/2.1.6/jakarta.ws.rs-api-2.1.6.jar!/javax/ws/rs/client/ClientRequestFilter.class
[WARNING] javax.ws.rs.client.ClientResponseContext scanned from multiple locations: jar:file:///C:/Users/johal/.m2/repository/javax/ws/rs/javax.ws.rs-api/2.1.1/javax.ws.rs-api-2.1.1.jar!/javax/ws/rs/client/ClientResponseContext.class, jar:file:///C:/Users/johal/.m2/repository/jakarta/ws/rs/jakarta.ws.rs-api/2.1.6/jakarta.ws.rs-api-2.1.6.jar!/javax/ws/rs/client/ClientResponseContext.class
[WARNING] javax.ws.rs.client.ClientResponseFilter scanned from multiple locations: jar:file:///C:/Users/johal/.m2/repository/javax/ws/rs/javax.ws.rs-api/2.1.1/javax.ws.rs-api-2.1.1.jar!/javax/ws/rs/client/ClientResponseFilter.class, jar:file:///C:/Users/johal/.m2/repository/jakarta/ws/rs/jakarta.ws.rs-api/2.1.6/jakarta.ws.rs-api-2.1.6.jar!/javax/ws/rs/client/ClientResponseFilter.class
[WARNING] javax.ws.rs.client.CompletionStageRxInvoker scanned from multiple locations: jar:file:///C:/Users/johal/.m2/repository/javax/ws/rs/javax.ws.rs-api/2.1.1/javax.ws.rs-api-2.1.1.jar!/javax/ws/rs/client/CompletionStageRxInvoker.class, jar:file:///C:/Users/johal/.m2/repository/jakarta/ws/rs/jakarta.ws.rs-api/2.1.6/jakarta.ws.rs-api-2.1.6.jar!/javax/ws/rs/client/CompletionStageRxInvoker.class
[WARNING] javax.ws.rs.client.Entity scanned from multiple locations: jar:file:///C:/Users/johal/.m2/repository/javax/ws/rs/javax.ws.rs-api/2.1.1/javax.ws.rs-api-2.1.1.jar!/javax/ws/rs/client/Entity.class, jar:file:///C:/Users/johal/.m2/repository/jakarta/ws/rs/jakarta.ws.rs-api/2.1.6/jakarta.ws.rs-api-2.1.6.jar!/javax/ws/rs/client/Entity.class
[WARNING] javax.ws.rs.client.FactoryFinder scanned from multiple locations: jar:file:///C:/Users/johal/.m2/repository/javax/ws/rs/javax.ws.rs-api/2.1.1/javax.ws.rs-api-2.1.1.jar!/javax/ws/rs/client/FactoryFinder.class, jar:file:///C:/Users/johal/.m2/repository/jakarta/ws/rs/jakarta.ws.rs-api/2.1.6/jakarta.ws.rs-api-2.1.6.jar!/javax/ws/rs/client/FactoryFinder.class
[WARNING] javax.ws.rs.client.Invocation$Builder scanned from multiple locations: jar:file:///C:/Users/johal/.m2/repository/javax/ws/rs/javax.ws.rs-api/2.1.1/javax.ws.rs-api-2.1.1.jar!/javax/ws/rs/client/Invocation$Builder.class, jar:file:///C:/Users/johal/.m2/repository/jakarta/ws/rs/jakarta.ws.rs-api/2.1.6/jakarta.ws.rs-api-2.1.6.jar!/javax/ws/rs/client/Invocation$Builder.class
[WARNING] javax.ws.rs.client.Invocation scanned from multiple locations: jar:file:///C:/Users/johal/.m2/repository/javax/ws/rs/javax.ws.rs-api/2.1.1/javax.ws.rs-api-2.1.1.jar!/javax/ws/rs/client/Invocation.class, jar:file:///C:/Users/johal/.m2/repository/jakarta/ws/rs/jakarta.ws.rs-api/2.1.6/jakarta.ws.rs-api-2.1.6.jar!/javax/ws/rs/client/Invocation.class
[WARNING] javax.ws.rs.client.InvocationCallback scanned from multiple locations: jar:file:///C:/Users/johal/.m2/repository/javax/ws/rs/javax.ws.rs-api/2.1.1/javax.ws.rs-api-2.1.1.jar!/javax/ws/rs/client/InvocationCallback.class, jar:file:///C:/Users/johal/.m2/repository/jakarta/ws/rs/jakarta.ws.rs-api/2.1.6/jakarta.ws.rs-api-2.1.6.jar!/javax/ws/rs/client/InvocationCallback.class
[WARNING] javax.ws.rs.client.ResponseProcessingException scanned from multiple locations: jar:file:///C:/Users/johal/.m2/repository/javax/ws/rs/javax.ws.rs-api/2.1.1/javax.ws.rs-api-2.1.1.jar!/javax/ws/rs/client/ResponseProcessingException.class, jar:file:///C:/Users/johal/.m2/repository/jakarta/ws/rs/jakarta.ws.rs-api/2.1.6/jakarta.ws.rs-api-2.1.6.jar!/javax/ws/rs/client/ResponseProcessingException.class
[WARNING] javax.ws.rs.client.RxInvoker scanned from multiple locations: jar:file:///C:/Users/johal/.m2/repository/javax/ws/rs/javax.ws.rs-api/2.1.1/javax.ws.rs-api-2.1.1.jar!/javax/ws/rs/client/RxInvoker.class, jar:file:///C:/Users/johal/.m2/repository/jakarta/ws/rs/jakarta.ws.rs-api/2.1.6/jakarta.ws.rs-api-2.1.6.jar!/javax/ws/rs/client/RxInvoker.class
[WARNING] javax.ws.rs.client.RxInvokerProvider scanned from multiple locations: jar:file:///C:/Users/johal/.m2/repository/javax/ws/rs/javax.ws.rs-api/2.1.1/javax.ws.rs-api-2.1.1.jar!/javax/ws/rs/client/RxInvokerProvider.class, jar:file:///C:/Users/johal/.m2/repository/jakarta/ws/rs/jakarta.ws.rs-api/2.1.6/jakarta.ws.rs-api-2.1.6.jar!/javax/ws/rs/client/RxInvokerProvider.class
[WARNING] javax.ws.rs.client.SyncInvoker scanned from multiple locations: jar:file:///C:/Users/johal/.m2/repository/javax/ws/rs/javax.ws.rs-api/2.1.1/javax.ws.rs-api-2.1.1.jar!/javax/ws/rs/client/SyncInvoker.class, jar:file:///C:/Users/johal/.m2/repository/jakarta/ws/rs/jakarta.ws.rs-api/2.1.6/jakarta.ws.rs-api-2.1.6.jar!/javax/ws/rs/client/SyncInvoker.class
[WARNING] javax.ws.rs.client.WebTarget scanned from multiple locations: jar:file:///C:/Users/johal/.m2/repository/javax/ws/rs/javax.ws.rs-api/2.1.1/javax.ws.rs-api-2.1.1.jar!/javax/ws/rs/client/WebTarget.class, jar:file:///C:/Users/johal/.m2/repository/jakarta/ws/rs/jakarta.ws.rs-api/2.1.6/jakarta.ws.rs-api-2.1.6.jar!/javax/ws/rs/client/WebTarget.class
[WARNING] javax.ws.rs.container.AsyncResponse scanned from multiple locations: jar:file:///C:/Users/johal/.m2/repository/javax/ws/rs/javax.ws.rs-api/2.1.1/javax.ws.rs-api-2.1.1.jar!/javax/ws/rs/container/AsyncResponse.class, jar:file:///C:/Users/johal/.m2/repository/jakarta/ws/rs/jakarta.ws.rs-api/2.1.6/jakarta.ws.rs-api-2.1.6.jar!/javax/ws/rs/container/AsyncResponse.class
[WARNING] javax.ws.rs.container.CompletionCallback scanned from multiple locations: jar:file:///C:/Users/johal/.m2/repository/javax/ws/rs/javax.ws.rs-api/2.1.1/javax.ws.rs-api-2.1.1.jar!/javax/ws/rs/container/CompletionCallback.class, jar:file:///C:/Users/johal/.m2/repository/jakarta/ws/rs/jakarta.ws.rs-api/2.1.6/jakarta.ws.rs-api-2.1.6.jar!/javax/ws/rs/container/CompletionCallback.class
[WARNING] javax.ws.rs.container.ConnectionCallback scanned from multiple locations: jar:file:///C:/Users/johal/.m2/repository/javax/ws/rs/javax.ws.rs-api/2.1.1/javax.ws.rs-api-2.1.1.jar!/javax/ws/rs/container/ConnectionCallback.class, jar:file:///C:/Users/johal/.m2/repository/jakarta/ws/rs/jakarta.ws.rs-api/2.1.6/jakarta.ws.rs-api-2.1.6.jar!/javax/ws/rs/container/ConnectionCallback.class
[WARNING] javax.ws.rs.container.ContainerRequestContext scanned from multiple locations: jar:file:///C:/Users/johal/.m2/repository/javax/ws/rs/javax.ws.rs-api/2.1.1/javax.ws.rs-api-2.1.1.jar!/javax/ws/rs/container/ContainerRequestContext.class, jar:file:///C:/Users/johal/.m2/repository/jakarta/ws/rs/jakarta.ws.rs-api/2.1.6/jakarta.ws.rs-api-2.1.6.jar!/javax/ws/rs/container/ContainerRequestContext.class
[WARNING] javax.ws.rs.container.ContainerRequestFilter scanned from multiple locations: jar:file:///C:/Users/johal/.m2/repository/javax/ws/rs/javax.ws.rs-api/2.1.1/javax.ws.rs-api-2.1.1.jar!/javax/ws/rs/container/ContainerRequestFilter.class, jar:file:///C:/Users/johal/.m2/repository/jakarta/ws/rs/jakarta.ws.rs-api/2.1.6/jakarta.ws.rs-api-2.1.6.jar!/javax/ws/rs/container/ContainerRequestFilter.class
[WARNING] javax.ws.rs.container.ContainerResponseContext scanned from multiple locations: jar:file:///C:/Users/johal/.m2/repository/javax/ws/rs/javax.ws.rs-api/2.1.1/javax.ws.rs-api-2.1.1.jar!/javax/ws/rs/container/ContainerResponseContext.class, jar:file:///C:/Users/johal/.m2/repository/jakarta/ws/rs/jakarta.ws.rs-api/2.1.6/jakarta.ws.rs-api-2.1.6.jar!/javax/ws/rs/container/ContainerResponseContext.class
[WARNING] javax.ws.rs.container.ContainerResponseFilter scanned from multiple locations: jar:file:///C:/Users/johal/.m2/repository/javax/ws/rs/javax.ws.rs-api/2.1.1/javax.ws.rs-api-2.1.1.jar!/javax/ws/rs/container/ContainerResponseFilter.class, jar:file:///C:/Users/johal/.m2/repository/jakarta/ws/rs/jakarta.ws.rs-api/2.1.6/jakarta.ws.rs-api-2.1.6.jar!/javax/ws/rs/container/ContainerResponseFilter.class
[WARNING] javax.ws.rs.container.DynamicFeature scanned from multiple locations: jar:file:///C:/Users/johal/.m2/repository/javax/ws/rs/javax.ws.rs-api/2.1.1/javax.ws.rs-api-2.1.1.jar!/javax/ws/rs/container/DynamicFeature.class, jar:file:///C:/Users/johal/.m2/repository/jakarta/ws/rs/jakarta.ws.rs-api/2.1.6/jakarta.ws.rs-api-2.1.6.jar!/javax/ws/rs/container/DynamicFeature.class
[WARNING] javax.ws.rs.container.PreMatching scanned from multiple locations: jar:file:///C:/Users/johal/.m2/repository/javax/ws/rs/javax.ws.rs-api/2.1.1/javax.ws.rs-api-2.1.1.jar!/javax/ws/rs/container/PreMatching.class, jar:file:///C:/Users/johal/.m2/repository/jakarta/ws/rs/jakarta.ws.rs-api/2.1.6/jakarta.ws.rs-api-2.1.6.jar!/javax/ws/rs/container/PreMatching.class
[WARNING] javax.ws.rs.container.ResourceContext scanned from multiple locations: jar:file:///C:/Users/johal/.m2/repository/javax/ws/rs/javax.ws.rs-api/2.1.1/javax.ws.rs-api-2.1.1.jar!/javax/ws/rs/container/ResourceContext.class, jar:file:///C:/Users/johal/.m2/repository/jakarta/ws/rs/jakarta.ws.rs-api/2.1.6/jakarta.ws.rs-api-2.1.6.jar!/javax/ws/rs/container/ResourceContext.class
[WARNING] javax.ws.rs.container.ResourceInfo scanned from multiple locations: jar:file:///C:/Users/johal/.m2/repository/javax/ws/rs/javax.ws.rs-api/2.1.1/javax.ws.rs-api-2.1.1.jar!/javax/ws/rs/container/ResourceInfo.class, jar:file:///C:/Users/johal/.m2/repository/jakarta/ws/rs/jakarta.ws.rs-api/2.1.6/jakarta.ws.rs-api-2.1.6.jar!/javax/ws/rs/container/ResourceInfo.class
[WARNING] javax.ws.rs.container.Suspended scanned from multiple locations: jar:file:///C:/Users/johal/.m2/repository/javax/ws/rs/javax.ws.rs-api/2.1.1/javax.ws.rs-api-2.1.1.jar!/javax/ws/rs/container/Suspended.class, jar:file:///C:/Users/johal/.m2/repository/jakarta/ws/rs/jakarta.ws.rs-api/2.1.6/jakarta.ws.rs-api-2.1.6.jar!/javax/ws/rs/container/Suspended.class
[WARNING] javax.ws.rs.container.TimeoutHandler scanned from multiple locations: jar:file:///C:/Users/johal/.m2/repository/javax/ws/rs/javax.ws.rs-api/2.1.1/javax.ws.rs-api-2.1.1.jar!/javax/ws/rs/container/TimeoutHandler.class, jar:file:///C:/Users/johal/.m2/repository/jakarta/ws/rs/jakarta.ws.rs-api/2.1.6/jakarta.ws.rs-api-2.1.6.jar!/javax/ws/rs/container/TimeoutHandler.class
[WARNING] javax.ws.rs.core.AbstractMultivaluedMap scanned from multiple locations: jar:file:///C:/Users/johal/.m2/repository/javax/ws/rs/javax.ws.rs-api/2.1.1/javax.ws.rs-api-2.1.1.jar!/javax/ws/rs/core/AbstractMultivaluedMap.class, jar:file:///C:/Users/johal/.m2/repository/jakarta/ws/rs/jakarta.ws.rs-api/2.1.6/jakarta.ws.rs-api-2.1.6.jar!/javax/ws/rs/core/AbstractMultivaluedMap.class
[WARNING] javax.ws.rs.core.Application scanned from multiple locations: jar:file:///C:/Users/johal/.m2/repository/javax/ws/rs/javax.ws.rs-api/2.1.1/javax.ws.rs-api-2.1.1.jar!/javax/ws/rs/core/Application.class, jar:file:///C:/Users/johal/.m2/repository/jakarta/ws/rs/jakarta.ws.rs-api/2.1.6/jakarta.ws.rs-api-2.1.6.jar!/javax/ws/rs/core/Application.class
[WARNING] javax.ws.rs.core.CacheControl scanned from multiple locations: jar:file:///C:/Users/johal/.m2/repository/javax/ws/rs/javax.ws.rs-api/2.1.1/javax.ws.rs-api-2.1.1.jar!/javax/ws/rs/core/CacheControl.class, jar:file:///C:/Users/johal/.m2/repository/jakarta/ws/rs/jakarta.ws.rs-api/2.1.6/jakarta.ws.rs-api-2.1.6.jar!/javax/ws/rs/core/CacheControl.class
[WARNING] javax.ws.rs.core.Configurable scanned from multiple locations: jar:file:///C:/Users/johal/.m2/repository/javax/ws/rs/javax.ws.rs-api/2.1.1/javax.ws.rs-api-2.1.1.jar!/javax/ws/rs/core/Configurable.class, jar:file:///C:/Users/johal/.m2/repository/jakarta/ws/rs/jakarta.ws.rs-api/2.1.6/jakarta.ws.rs-api-2.1.6.jar!/javax/ws/rs/core/Configurable.class
[WARNING] javax.ws.rs.core.Configuration scanned from multiple locations: jar:file:///C:/Users/johal/.m2/repository/javax/ws/rs/javax.ws.rs-api/2.1.1/javax.ws.rs-api-2.1.1.jar!/javax/ws/rs/core/Configuration.class, jar:file:///C:/Users/johal/.m2/repository/jakarta/ws/rs/jakarta.ws.rs-api/2.1.6/jakarta.ws.rs-api-2.1.6.jar!/javax/ws/rs/core/Configuration.class
[WARNING] javax.ws.rs.core.Context scanned from multiple locations: jar:file:///C:/Users/johal/.m2/repository/javax/ws/rs/javax.ws.rs-api/2.1.1/javax.ws.rs-api-2.1.1.jar!/javax/ws/rs/core/Context.class, jar:file:///C:/Users/johal/.m2/repository/jakarta/ws/rs/jakarta.ws.rs-api/2.1.6/jakarta.ws.rs-api-2.1.6.jar!/javax/ws/rs/core/Context.class
[WARNING] javax.ws.rs.core.Cookie scanned from multiple locations: jar:file:///C:/Users/johal/.m2/repository/javax/ws/rs/javax.ws.rs-api/2.1.1/javax.ws.rs-api-2.1.1.jar!/javax/ws/rs/core/Cookie.class, jar:file:///C:/Users/johal/.m2/repository/jakarta/ws/rs/jakarta.ws.rs-api/2.1.6/jakarta.ws.rs-api-2.1.6.jar!/javax/ws/rs/core/Cookie.class
[WARNING] javax.ws.rs.core.EntityTag scanned from multiple locations: jar:file:///C:/Users/johal/.m2/repository/javax/ws/rs/javax.ws.rs-api/2.1.1/javax.ws.rs-api-2.1.1.jar!/javax/ws/rs/core/EntityTag.class, jar:file:///C:/Users/johal/.m2/repository/jakarta/ws/rs/jakarta.ws.rs-api/2.1.6/jakarta.ws.rs-api-2.1.6.jar!/javax/ws/rs/core/EntityTag.class
[WARNING] javax.ws.rs.core.Feature scanned from multiple locations: jar:file:///C:/Users/johal/.m2/repository/javax/ws/rs/javax.ws.rs-api/2.1.1/javax.ws.rs-api-2.1.1.jar!/javax/ws/rs/core/Feature.class, jar:file:///C:/Users/johal/.m2/repository/jakarta/ws/rs/jakarta.ws.rs-api/2.1.6/jakarta.ws.rs-api-2.1.6.jar!/javax/ws/rs/core/Feature.class
[WARNING] javax.ws.rs.core.FeatureContext scanned from multiple locations: jar:file:///C:/Users/johal/.m2/repository/javax/ws/rs/javax.ws.rs-api/2.1.1/javax.ws.rs-api-2.1.1.jar!/javax/ws/rs/core/FeatureContext.class, jar:file:///C:/Users/johal/.m2/repository/jakarta/ws/rs/jakarta.ws.rs-api/2.1.6/jakarta.ws.rs-api-2.1.6.jar!/javax/ws/rs/core/FeatureContext.class
[WARNING] javax.ws.rs.core.Form$1 scanned from multiple locations: jar:file:///C:/Users/johal/.m2/repository/javax/ws/rs/javax.ws.rs-api/2.1.1/javax.ws.rs-api-2.1.1.jar!/javax/ws/rs/core/Form$1.class, jar:file:///C:/Users/johal/.m2/repository/jakarta/ws/rs/jakarta.ws.rs-api/2.1.6/jakarta.ws.rs-api-2.1.6.jar!/javax/ws/rs/core/Form$1.class
[WARNING] javax.ws.rs.core.Form scanned from multiple locations: jar:file:///C:/Users/johal/.m2/repository/javax/ws/rs/javax.ws.rs-api/2.1.1/javax.ws.rs-api-2.1.1.jar!/javax/ws/rs/core/Form.class, jar:file:///C:/Users/johal/.m2/repository/jakarta/ws/rs/jakarta.ws.rs-api/2.1.6/jakarta.ws.rs-api-2.1.6.jar!/javax/ws/rs/core/Form.class
[WARNING] javax.ws.rs.core.GenericEntity scanned from multiple locations: jar:file:///C:/Users/johal/.m2/repository/javax/ws/rs/javax.ws.rs-api/2.1.1/javax.ws.rs-api-2.1.1.jar!/javax/ws/rs/core/GenericEntity.class, jar:file:///C:/Users/johal/.m2/repository/jakarta/ws/rs/jakarta.ws.rs-api/2.1.6/jakarta.ws.rs-api-2.1.6.jar!/javax/ws/rs/core/GenericEntity.class
[WARNING] javax.ws.rs.core.GenericType scanned from multiple locations: jar:file:///C:/Users/johal/.m2/repository/javax/ws/rs/javax.ws.rs-api/2.1.1/javax.ws.rs-api-2.1.1.jar!/javax/ws/rs/core/GenericType.class, jar:file:///C:/Users/johal/.m2/repository/jakarta/ws/rs/jakarta.ws.rs-api/2.1.6/jakarta.ws.rs-api-2.1.6.jar!/javax/ws/rs/core/GenericType.class
[WARNING] javax.ws.rs.core.HttpHeaders scanned from multiple locations: jar:file:///C:/Users/johal/.m2/repository/javax/ws/rs/javax.ws.rs-api/2.1.1/javax.ws.rs-api-2.1.1.jar!/javax/ws/rs/core/HttpHeaders.class, jar:file:///C:/Users/johal/.m2/repository/jakarta/ws/rs/jakarta.ws.rs-api/2.1.6/jakarta.ws.rs-api-2.1.6.jar!/javax/ws/rs/core/HttpHeaders.class
[WARNING] javax.ws.rs.core.Link$Builder scanned from multiple locations: jar:file:///C:/Users/johal/.m2/repository/javax/ws/rs/javax.ws.rs-api/2.1.1/javax.ws.rs-api-2.1.1.jar!/javax/ws/rs/core/Link$Builder.class, jar:file:///C:/Users/johal/.m2/repository/jakarta/ws/rs/jakarta.ws.rs-api/2.1.6/jakarta.ws.rs-api-2.1.6.jar!/javax/ws/rs/core/Link$Builder.class
[WARNING] javax.ws.rs.core.Link$JaxbAdapter scanned from multiple locations: jar:file:///C:/Users/johal/.m2/repository/javax/ws/rs/javax.ws.rs-api/2.1.1/javax.ws.rs-api-2.1.1.jar!/javax/ws/rs/core/Link$JaxbAdapter.class, jar:file:///C:/Users/johal/.m2/repository/jakarta/ws/rs/jakarta.ws.rs-api/2.1.6/jakarta.ws.rs-api-2.1.6.jar!/javax/ws/rs/core/Link$JaxbAdapter.class
[WARNING] javax.ws.rs.core.Link$JaxbLink scanned from multiple locations: jar:file:///C:/Users/johal/.m2/repository/javax/ws/rs/javax.ws.rs-api/2.1.1/javax.ws.rs-api-2.1.1.jar!/javax/ws/rs/core/Link$JaxbLink.class, jar:file:///C:/Users/johal/.m2/repository/jakarta/ws/rs/jakarta.ws.rs-api/2.1.6/jakarta.ws.rs-api-2.1.6.jar!/javax/ws/rs/core/Link$JaxbLink.class
[WARNING] javax.ws.rs.core.Link scanned from multiple locations: jar:file:///C:/Users/johal/.m2/repository/javax/ws/rs/javax.ws.rs-api/2.1.1/javax.ws.rs-api-2.1.1.jar!/javax/ws/rs/core/Link.class, jar:file:///C:/Users/johal/.m2/repository/jakarta/ws/rs/jakarta.ws.rs-api/2.1.6/jakarta.ws.rs-api-2.1.6.jar!/javax/ws/rs/core/Link.class
[WARNING] javax.ws.rs.core.MediaType$1 scanned from multiple locations: jar:file:///C:/Users/johal/.m2/repository/javax/ws/rs/javax.ws.rs-api/2.1.1/javax.ws.rs-api-2.1.1.jar!/javax/ws/rs/core/MediaType$1.class, jar:file:///C:/Users/johal/.m2/repository/jakarta/ws/rs/jakarta.ws.rs-api/2.1.6/jakarta.ws.rs-api-2.1.6.jar!/javax/ws/rs/core/MediaType$1.class
[WARNING] javax.ws.rs.core.MediaType$2 scanned from multiple locations: jar:file:///C:/Users/johal/.m2/repository/javax/ws/rs/javax.ws.rs-api/2.1.1/javax.ws.rs-api-2.1.1.jar!/javax/ws/rs/core/MediaType$2.class, jar:file:///C:/Users/johal/.m2/repository/jakarta/ws/rs/jakarta.ws.rs-api/2.1.6/jakarta.ws.rs-api-2.1.6.jar!/javax/ws/rs/core/MediaType$2.class
[WARNING] javax.ws.rs.core.MediaType scanned from multiple locations: jar:file:///C:/Users/johal/.m2/repository/javax/ws/rs/javax.ws.rs-api/2.1.1/javax.ws.rs-api-2.1.1.jar!/javax/ws/rs/core/MediaType.class, jar:file:///C:/Users/johal/.m2/repository/jakarta/ws/rs/jakarta.ws.rs-api/2.1.6/jakarta.ws.rs-api-2.1.6.jar!/javax/ws/rs/core/MediaType.class
[WARNING] javax.ws.rs.core.MultivaluedHashMap scanned from multiple locations: jar:file:///C:/Users/johal/.m2/repository/javax/ws/rs/javax.ws.rs-api/2.1.1/javax.ws.rs-api-2.1.1.jar!/javax/ws/rs/core/MultivaluedHashMap.class, jar:file:///C:/Users/johal/.m2/repository/jakarta/ws/rs/jakarta.ws.rs-api/2.1.6/jakarta.ws.rs-api-2.1.6.jar!/javax/ws/rs/core/MultivaluedHashMap.class
[WARNING] javax.ws.rs.core.MultivaluedMap scanned from multiple locations: jar:file:///C:/Users/johal/.m2/repository/javax/ws/rs/javax.ws.rs-api/2.1.1/javax.ws.rs-api-2.1.1.jar!/javax/ws/rs/core/MultivaluedMap.class, jar:file:///C:/Users/johal/.m2/repository/jakarta/ws/rs/jakarta.ws.rs-api/2.1.6/jakarta.ws.rs-api-2.1.6.jar!/javax/ws/rs/core/MultivaluedMap.class
[WARNING] javax.ws.rs.core.NewCookie scanned from multiple locations: jar:file:///C:/Users/johal/.m2/repository/javax/ws/rs/javax.ws.rs-api/2.1.1/javax.ws.rs-api-2.1.1.jar!/javax/ws/rs/core/NewCookie.class, jar:file:///C:/Users/johal/.m2/repository/jakarta/ws/rs/jakarta.ws.rs-api/2.1.6/jakarta.ws.rs-api-2.1.6.jar!/javax/ws/rs/core/NewCookie.class
[WARNING] javax.ws.rs.core.NoContentException scanned from multiple locations: jar:file:///C:/Users/johal/.m2/repository/javax/ws/rs/javax.ws.rs-api/2.1.1/javax.ws.rs-api-2.1.1.jar!/javax/ws/rs/core/NoContentException.class, jar:file:///C:/Users/johal/.m2/repository/jakarta/ws/rs/jakarta.ws.rs-api/2.1.6/jakarta.ws.rs-api-2.1.6.jar!/javax/ws/rs/core/NoContentException.class
[WARNING] javax.ws.rs.core.PathSegment scanned from multiple locations: jar:file:///C:/Users/johal/.m2/repository/javax/ws/rs/javax.ws.rs-api/2.1.1/javax.ws.rs-api-2.1.1.jar!/javax/ws/rs/core/PathSegment.class, jar:file:///C:/Users/johal/.m2/repository/jakarta/ws/rs/jakarta.ws.rs-api/2.1.6/jakarta.ws.rs-api-2.1.6.jar!/javax/ws/rs/core/PathSegment.class
[WARNING] javax.ws.rs.core.Request scanned from multiple locations: jar:file:///C:/Users/johal/.m2/repository/javax/ws/rs/javax.ws.rs-api/2.1.1/javax.ws.rs-api-2.1.1.jar!/javax/ws/rs/core/Request.class, jar:file:///C:/Users/johal/.m2/repository/jakarta/ws/rs/jakarta.ws.rs-api/2.1.6/jakarta.ws.rs-api-2.1.6.jar!/javax/ws/rs/core/Request.class
[WARNING] javax.ws.rs.core.Response$ResponseBuilder scanned from multiple locations: jar:file:///C:/Users/johal/.m2/repository/javax/ws/rs/javax.ws.rs-api/2.1.1/javax.ws.rs-api-2.1.1.jar!/javax/ws/rs/core/Response$ResponseBuilder.class, jar:file:///C:/Users/johal/.m2/repository/jakarta/ws/rs/jakarta.ws.rs-api/2.1.6/jakarta.ws.rs-api-2.1.6.jar!/javax/ws/rs/core/Response$ResponseBuilder.class
[WARNING] javax.ws.rs.core.Response$Status$Family scanned from multiple locations: jar:file:///C:/Users/johal/.m2/repository/javax/ws/rs/javax.ws.rs-api/2.1.1/javax.ws.rs-api-2.1.1.jar!/javax/ws/rs/core/Response$Status$Family.class, jar:file:///C:/Users/johal/.m2/repository/jakarta/ws/rs/jakarta.ws.rs-api/2.1.6/jakarta.ws.rs-api-2.1.6.jar!/javax/ws/rs/core/Response$Status$Family.class
[WARNING] javax.ws.rs.core.Response$Status scanned from multiple locations: jar:file:///C:/Users/johal/.m2/repository/javax/ws/rs/javax.ws.rs-api/2.1.1/javax.ws.rs-api-2.1.1.jar!/javax/ws/rs/core/Response$Status.class, jar:file:///C:/Users/johal/.m2/repository/jakarta/ws/rs/jakarta.ws.rs-api/2.1.6/jakarta.ws.rs-api-2.1.6.jar!/javax/ws/rs/core/Response$Status.class
[WARNING] javax.ws.rs.core.Response$StatusType scanned from multiple locations: jar:file:///C:/Users/johal/.m2/repository/javax/ws/rs/javax.ws.rs-api/2.1.1/javax.ws.rs-api-2.1.1.jar!/javax/ws/rs/core/Response$StatusType.class, jar:file:///C:/Users/johal/.m2/repository/jakarta/ws/rs/jakarta.ws.rs-api/2.1.6/jakarta.ws.rs-api-2.1.6.jar!/javax/ws/rs/core/Response$StatusType.class
[WARNING] javax.ws.rs.core.Response scanned from multiple locations: jar:file:///C:/Users/johal/.m2/repository/javax/ws/rs/javax.ws.rs-api/2.1.1/javax.ws.rs-api-2.1.1.jar!/javax/ws/rs/core/Response.class, jar:file:///C:/Users/johal/.m2/repository/jakarta/ws/rs/jakarta.ws.rs-api/2.1.6/jakarta.ws.rs-api-2.1.6.jar!/javax/ws/rs/core/Response.class
[WARNING] javax.ws.rs.core.SecurityContext scanned from multiple locations: jar:file:///C:/Users/johal/.m2/repository/javax/ws/rs/javax.ws.rs-api/2.1.1/javax.ws.rs-api-2.1.1.jar!/javax/ws/rs/core/SecurityContext.class, jar:file:///C:/Users/johal/.m2/repository/jakarta/ws/rs/jakarta.ws.rs-api/2.1.6/jakarta.ws.rs-api-2.1.6.jar!/javax/ws/rs/core/SecurityContext.class
[WARNING] javax.ws.rs.core.StreamingOutput scanned from multiple locations: jar:file:///C:/Users/johal/.m2/repository/javax/ws/rs/javax.ws.rs-api/2.1.1/javax.ws.rs-api-2.1.1.jar!/javax/ws/rs/core/StreamingOutput.class, jar:file:///C:/Users/johal/.m2/repository/jakarta/ws/rs/jakarta.ws.rs-api/2.1.6/jakarta.ws.rs-api-2.1.6.jar!/javax/ws/rs/core/StreamingOutput.class
[WARNING] javax.ws.rs.core.UriBuilder scanned from multiple locations: jar:file:///C:/Users/johal/.m2/repository/javax/ws/rs/javax.ws.rs-api/2.1.1/javax.ws.rs-api-2.1.1.jar!/javax/ws/rs/core/UriBuilder.class, jar:file:///C:/Users/johal/.m2/repository/jakarta/ws/rs/jakarta.ws.rs-api/2.1.6/jakarta.ws.rs-api-2.1.6.jar!/javax/ws/rs/core/UriBuilder.class
[WARNING] javax.ws.rs.core.UriBuilderException scanned from multiple locations: jar:file:///C:/Users/johal/.m2/repository/javax/ws/rs/javax.ws.rs-api/2.1.1/javax.ws.rs-api-2.1.1.jar!/javax/ws/rs/core/UriBuilderException.class, jar:file:///C:/Users/johal/.m2/repository/jakarta/ws/rs/jakarta.ws.rs-api/2.1.6/jakarta.ws.rs-api-2.1.6.jar!/javax/ws/rs/core/UriBuilderException.class
[WARNING] javax.ws.rs.core.UriInfo scanned from multiple locations: jar:file:///C:/Users/johal/.m2/repository/javax/ws/rs/javax.ws.rs-api/2.1.1/javax.ws.rs-api-2.1.1.jar!/javax/ws/rs/core/UriInfo.class, jar:file:///C:/Users/johal/.m2/repository/jakarta/ws/rs/jakarta.ws.rs-api/2.1.6/jakarta.ws.rs-api-2.1.6.jar!/javax/ws/rs/core/UriInfo.class
[WARNING] javax.ws.rs.core.Variant$VariantListBuilder scanned from multiple locations: jar:file:///C:/Users/johal/.m2/repository/javax/ws/rs/javax.ws.rs-api/2.1.1/javax.ws.rs-api-2.1.1.jar!/javax/ws/rs/core/Variant$VariantListBuilder.class, jar:file:///C:/Users/johal/.m2/repository/jakarta/ws/rs/jakarta.ws.rs-api/2.1.6/jakarta.ws.rs-api-2.1.6.jar!/javax/ws/rs/core/Variant$VariantListBuilder.class
[WARNING] javax.ws.rs.core.Variant scanned from multiple locations: jar:file:///C:/Users/johal/.m2/repository/javax/ws/rs/javax.ws.rs-api/2.1.1/javax.ws.rs-api-2.1.1.jar!/javax/ws/rs/core/Variant.class, jar:file:///C:/Users/johal/.m2/repository/jakarta/ws/rs/jakarta.ws.rs-api/2.1.6/jakarta.ws.rs-api-2.1.6.jar!/javax/ws/rs/core/Variant.class
[WARNING] javax.ws.rs.ext.ContextResolver scanned from multiple locations: jar:file:///C:/Users/johal/.m2/repository/javax/ws/rs/javax.ws.rs-api/2.1.1/javax.ws.rs-api-2.1.1.jar!/javax/ws/rs/ext/ContextResolver.class, jar:file:///C:/Users/johal/.m2/repository/jakarta/ws/rs/jakarta.ws.rs-api/2.1.6/jakarta.ws.rs-api-2.1.6.jar!/javax/ws/rs/ext/ContextResolver.class
[WARNING] javax.ws.rs.ext.ExceptionMapper scanned from multiple locations: jar:file:///C:/Users/johal/.m2/repository/javax/ws/rs/javax.ws.rs-api/2.1.1/javax.ws.rs-api-2.1.1.jar!/javax/ws/rs/ext/ExceptionMapper.class, jar:file:///C:/Users/johal/.m2/repository/jakarta/ws/rs/jakarta.ws.rs-api/2.1.6/jakarta.ws.rs-api-2.1.6.jar!/javax/ws/rs/ext/ExceptionMapper.class
[WARNING] javax.ws.rs.ext.FactoryFinder scanned from multiple locations: jar:file:///C:/Users/johal/.m2/repository/javax/ws/rs/javax.ws.rs-api/2.1.1/javax.ws.rs-api-2.1.1.jar!/javax/ws/rs/ext/FactoryFinder.class, jar:file:///C:/Users/johal/.m2/repository/jakarta/ws/rs/jakarta.ws.rs-api/2.1.6/jakarta.ws.rs-api-2.1.6.jar!/javax/ws/rs/ext/FactoryFinder.class
[WARNING] javax.ws.rs.ext.InterceptorContext scanned from multiple locations: jar:file:///C:/Users/johal/.m2/repository/javax/ws/rs/javax.ws.rs-api/2.1.1/javax.ws.rs-api-2.1.1.jar!/javax/ws/rs/ext/InterceptorContext.class, jar:file:///C:/Users/johal/.m2/repository/jakarta/ws/rs/jakarta.ws.rs-api/2.1.6/jakarta.ws.rs-api-2.1.6.jar!/javax/ws/rs/ext/InterceptorContext.class
[WARNING] javax.ws.rs.ext.MessageBodyReader scanned from multiple locations: jar:file:///C:/Users/johal/.m2/repository/javax/ws/rs/javax.ws.rs-api/2.1.1/javax.ws.rs-api-2.1.1.jar!/javax/ws/rs/ext/MessageBodyReader.class, jar:file:///C:/Users/johal/.m2/repository/jakarta/ws/rs/jakarta.ws.rs-api/2.1.6/jakarta.ws.rs-api-2.1.6.jar!/javax/ws/rs/ext/MessageBodyReader.class
[WARNING] javax.ws.rs.ext.MessageBodyWriter scanned from multiple locations: jar:file:///C:/Users/johal/.m2/repository/javax/ws/rs/javax.ws.rs-api/2.1.1/javax.ws.rs-api-2.1.1.jar!/javax/ws/rs/ext/MessageBodyWriter.class, jar:file:///C:/Users/johal/.m2/repository/jakarta/ws/rs/jakarta.ws.rs-api/2.1.6/jakarta.ws.rs-api-2.1.6.jar!/javax/ws/rs/ext/MessageBodyWriter.class
[WARNING] javax.ws.rs.ext.ParamConverter$Lazy scanned from multiple locations: jar:file:///C:/Users/johal/.m2/repository/javax/ws/rs/javax.ws.rs-api/2.1.1/javax.ws.rs-api-2.1.1.jar!/javax/ws/rs/ext/ParamConverter$Lazy.class, jar:file:///C:/Users/johal/.m2/repository/jakarta/ws/rs/jakarta.ws.rs-api/2.1.6/jakarta.ws.rs-api-2.1.6.jar!/javax/ws/rs/ext/ParamConverter$Lazy.class
[WARNING] javax.ws.rs.ext.ParamConverter scanned from multiple locations: jar:file:///C:/Users/johal/.m2/repository/javax/ws/rs/javax.ws.rs-api/2.1.1/javax.ws.rs-api-2.1.1.jar!/javax/ws/rs/ext/ParamConverter.class, jar:file:///C:/Users/johal/.m2/repository/jakarta/ws/rs/jakarta.ws.rs-api/2.1.6/jakarta.ws.rs-api-2.1.6.jar!/javax/ws/rs/ext/ParamConverter.class
[WARNING] javax.ws.rs.ext.ParamConverterProvider scanned from multiple locations: jar:file:///C:/Users/johal/.m2/repository/javax/ws/rs/javax.ws.rs-api/2.1.1/javax.ws.rs-api-2.1.1.jar!/javax/ws/rs/ext/ParamConverterProvider.class, jar:file:///C:/Users/johal/.m2/repository/jakarta/ws/rs/jakarta.ws.rs-api/2.1.6/jakarta.ws.rs-api-2.1.6.jar!/javax/ws/rs/ext/ParamConverterProvider.class
[WARNING] javax.ws.rs.ext.Provider scanned from multiple locations: jar:file:///C:/Users/johal/.m2/repository/javax/ws/rs/javax.ws.rs-api/2.1.1/javax.ws.rs-api-2.1.1.jar!/javax/ws/rs/ext/Provider.class, jar:file:///C:/Users/johal/.m2/repository/jakarta/ws/rs/jakarta.ws.rs-api/2.1.6/jakarta.ws.rs-api-2.1.6.jar!/javax/ws/rs/ext/Provider.class
[WARNING] javax.ws.rs.ext.Providers scanned from multiple locations: jar:file:///C:/Users/johal/.m2/repository/javax/ws/rs/javax.ws.rs-api/2.1.1/javax.ws.rs-api-2.1.1.jar!/javax/ws/rs/ext/Providers.class, jar:file:///C:/Users/johal/.m2/repository/jakarta/ws/rs/jakarta.ws.rs-api/2.1.6/jakarta.ws.rs-api-2.1.6.jar!/javax/ws/rs/ext/Providers.class
[WARNING] javax.ws.rs.ext.ReaderInterceptor scanned from multiple locations: jar:file:///C:/Users/johal/.m2/repository/javax/ws/rs/javax.ws.rs-api/2.1.1/javax.ws.rs-api-2.1.1.jar!/javax/ws/rs/ext/ReaderInterceptor.class, jar:file:///C:/Users/johal/.m2/repository/jakarta/ws/rs/jakarta.ws.rs-api/2.1.6/jakarta.ws.rs-api-2.1.6.jar!/javax/ws/rs/ext/ReaderInterceptor.class
[WARNING] javax.ws.rs.ext.ReaderInterceptorContext scanned from multiple locations: jar:file:///C:/Users/johal/.m2/repository/javax/ws/rs/javax.ws.rs-api/2.1.1/javax.ws.rs-api-2.1.1.jar!/javax/ws/rs/ext/ReaderInterceptorContext.class, jar:file:///C:/Users/johal/.m2/repository/jakarta/ws/rs/jakarta.ws.rs-api/2.1.6/jakarta.ws.rs-api-2.1.6.jar!/javax/ws/rs/ext/ReaderInterceptorContext.class
[WARNING] javax.ws.rs.ext.RuntimeDelegate$HeaderDelegate scanned from multiple locations: jar:file:///C:/Users/johal/.m2/repository/javax/ws/rs/javax.ws.rs-api/2.1.1/javax.ws.rs-api-2.1.1.jar!/javax/ws/rs/ext/RuntimeDelegate$HeaderDelegate.class, jar:file:///C:/Users/johal/.m2/repository/jakarta/ws/rs/jakarta.ws.rs-api/2.1.6/jakarta.ws.rs-api-2.1.6.jar!/javax/ws/rs/ext/RuntimeDelegate$HeaderDelegate.class
[WARNING] javax.ws.rs.ext.RuntimeDelegate scanned from multiple locations: jar:file:///C:/Users/johal/.m2/repository/javax/ws/rs/javax.ws.rs-api/2.1.1/javax.ws.rs-api-2.1.1.jar!/javax/ws/rs/ext/RuntimeDelegate.class, jar:file:///C:/Users/johal/.m2/repository/jakarta/ws/rs/jakarta.ws.rs-api/2.1.6/jakarta.ws.rs-api-2.1.6.jar!/javax/ws/rs/ext/RuntimeDelegate.class
[WARNING] javax.ws.rs.ext.WriterInterceptor scanned from multiple locations: jar:file:///C:/Users/johal/.m2/repository/javax/ws/rs/javax.ws.rs-api/2.1.1/javax.ws.rs-api-2.1.1.jar!/javax/ws/rs/ext/WriterInterceptor.class, jar:file:///C:/Users/johal/.m2/repository/jakarta/ws/rs/jakarta.ws.rs-api/2.1.6/jakarta.ws.rs-api-2.1.6.jar!/javax/ws/rs/ext/WriterInterceptor.class
[WARNING] javax.ws.rs.ext.WriterInterceptorContext scanned from multiple locations: jar:file:///C:/Users/johal/.m2/repository/javax/ws/rs/javax.ws.rs-api/2.1.1/javax.ws.rs-api-2.1.1.jar!/javax/ws/rs/ext/WriterInterceptorContext.class, jar:file:///C:/Users/johal/.m2/repository/jakarta/ws/rs/jakarta.ws.rs-api/2.1.6/jakarta.ws.rs-api-2.1.6.jar!/javax/ws/rs/ext/WriterInterceptorContext.class
[WARNING] javax.ws.rs.sse.FactoryFinder scanned from multiple locations: jar:file:///C:/Users/johal/.m2/repository/javax/ws/rs/javax.ws.rs-api/2.1.1/javax.ws.rs-api-2.1.1.jar!/javax/ws/rs/sse/FactoryFinder.class, jar:file:///C:/Users/johal/.m2/repository/jakarta/ws/rs/jakarta.ws.rs-api/2.1.6/jakarta.ws.rs-api-2.1.6.jar!/javax/ws/rs/sse/FactoryFinder.class
[WARNING] javax.ws.rs.sse.InboundSseEvent scanned from multiple locations: jar:file:///C:/Users/johal/.m2/repository/javax/ws/rs/javax.ws.rs-api/2.1.1/javax.ws.rs-api-2.1.1.jar!/javax/ws/rs/sse/InboundSseEvent.class, jar:file:///C:/Users/johal/.m2/repository/jakarta/ws/rs/jakarta.ws.rs-api/2.1.6/jakarta.ws.rs-api-2.1.6.jar!/javax/ws/rs/sse/InboundSseEvent.class
[WARNING] javax.ws.rs.sse.OutboundSseEvent$Builder scanned from multiple locations: jar:file:///C:/Users/johal/.m2/repository/javax/ws/rs/javax.ws.rs-api/2.1.1/javax.ws.rs-api-2.1.1.jar!/javax/ws/rs/sse/OutboundSseEvent$Builder.class, jar:file:///C:/Users/johal/.m2/repository/jakarta/ws/rs/jakarta.ws.rs-api/2.1.6/jakarta.ws.rs-api-2.1.6.jar!/javax/ws/rs/sse/OutboundSseEvent$Builder.class
[WARNING] javax.ws.rs.sse.OutboundSseEvent scanned from multiple locations: jar:file:///C:/Users/johal/.m2/repository/javax/ws/rs/javax.ws.rs-api/2.1.1/javax.ws.rs-api-2.1.1.jar!/javax/ws/rs/sse/OutboundSseEvent.class, jar:file:///C:/Users/johal/.m2/repository/jakarta/ws/rs/jakarta.ws.rs-api/2.1.6/jakarta.ws.rs-api-2.1.6.jar!/javax/ws/rs/sse/OutboundSseEvent.class
[WARNING] javax.ws.rs.sse.Sse scanned from multiple locations: jar:file:///C:/Users/johal/.m2/repository/javax/ws/rs/javax.ws.rs-api/2.1.1/javax.ws.rs-api-2.1.1.jar!/javax/ws/rs/sse/Sse.class, jar:file:///C:/Users/johal/.m2/repository/jakarta/ws/rs/jakarta.ws.rs-api/2.1.6/jakarta.ws.rs-api-2.1.6.jar!/javax/ws/rs/sse/Sse.class
[WARNING] javax.ws.rs.sse.SseBroadcaster scanned from multiple locations: jar:file:///C:/Users/johal/.m2/repository/javax/ws/rs/javax.ws.rs-api/2.1.1/javax.ws.rs-api-2.1.1.jar!/javax/ws/rs/sse/SseBroadcaster.class, jar:file:///C:/Users/johal/.m2/repository/jakarta/ws/rs/jakarta.ws.rs-api/2.1.6/jakarta.ws.rs-api-2.1.6.jar!/javax/ws/rs/sse/SseBroadcaster.class
[WARNING] javax.ws.rs.sse.SseEvent scanned from multiple locations: jar:file:///C:/Users/johal/.m2/repository/javax/ws/rs/javax.ws.rs-api/2.1.1/javax.ws.rs-api-2.1.1.jar!/javax/ws/rs/sse/SseEvent.class, jar:file:///C:/Users/johal/.m2/repository/jakarta/ws/rs/jakarta.ws.rs-api/2.1.6/jakarta.ws.rs-api-2.1.6.jar!/javax/ws/rs/sse/SseEvent.class
[WARNING] javax.ws.rs.sse.SseEventSink scanned from multiple locations: jar:file:///C:/Users/johal/.m2/repository/javax/ws/rs/javax.ws.rs-api/2.1.1/javax.ws.rs-api-2.1.1.jar!/javax/ws/rs/sse/SseEventSink.class, jar:file:///C:/Users/johal/.m2/repository/jakarta/ws/rs/jakarta.ws.rs-api/2.1.6/jakarta.ws.rs-api-2.1.6.jar!/javax/ws/rs/sse/SseEventSink.class
[WARNING] javax.ws.rs.sse.SseEventSource$Builder scanned from multiple locations: jar:file:///C:/Users/johal/.m2/repository/javax/ws/rs/javax.ws.rs-api/2.1.1/javax.ws.rs-api-2.1.1.jar!/javax/ws/rs/sse/SseEventSource$Builder.class, jar:file:///C:/Users/johal/.m2/repository/jakarta/ws/rs/jakarta.ws.rs-api/2.1.6/jakarta.ws.rs-api-2.1.6.jar!/javax/ws/rs/sse/SseEventSource$Builder.class
[WARNING] javax.ws.rs.sse.SseEventSource scanned from multiple locations: jar:file:///C:/Users/johal/.m2/repository/javax/ws/rs/javax.ws.rs-api/2.1.1/javax.ws.rs-api-2.1.1.jar!/javax/ws/rs/sse/SseEventSource.class, jar:file:///C:/Users/johal/.m2/repository/jakarta/ws/rs/jakarta.ws.rs-api/2.1.6/jakarta.ws.rs-api-2.1.6.jar!/javax/ws/rs/sse/SseEventSource.class
[INFO] Scanning elapsed time=1109ms
[INFO] DefaultSessionIdManager workerName=node0
[INFO] No SessionScavenger set, using defaults
[INFO] node0 Scavenging every 600000ms
Feb 24, 2026 1:50:20 PM org.glassfish.jersey.server.wadl.WadlFeature configure
WARNING: JAXBContext implementation could not be found. WADL feature is disabled.
[INFO] Started o.e.j.m.p.JettyWebAppContext@19fd43da{/,file:///G:/Volume%20G%20data/SOCT%20Docker/webservices/target/webapp-tmp/,AVAILABLE}{file:///G:/Volume%20G%20data/SOCT%20Docker/webservices/target/webapp-tmp/}
[INFO] Started ServerConnector@35554635{HTTP/1.1, (http/1.1)}{0.0.0.0:8082}
[INFO] Started @52483ms
[INFO] Started Jetty Server
